<?xml version="1.0" encoding="UTF-8"?>
<TestRun id="06d350ed-e34d-4819-9bc6-b5776100e820" name="chedberg@PLYWS10738 2014-05-12 08:47:59" runUser="DATARECOGNITION\chedberg" xmlns="http://microsoft.com/schemas/VisualStudio/TeamTest/2010">
  <TestSettings name="Local" id="c4430357-3c1c-4d45-a946-2109ae936843">
    <Description>These are default test settings for a local test run.</Description>
    <Deployment runDeploymentRoot="chedberg_PLYWS10738 2014-05-12 08_47_59">
      <DeploymentItem filename="\\mgfs01\home$\CHedberg\My Documents\Visual Studio 2010\Projects\FactoryPattern\FactoryPattern\bin\Debug\FactoryPattern.exe" />
    </Deployment>
    <Execution>
      <TestTypeSpecific>
        <UnitTestRunConfig testTypeId="13cdc9d9-ddb5-4fa4-a97d-d965ccfc6d4b">
          <AssemblyResolution>
            <TestDirectory useLoadContext="true" />
          </AssemblyResolution>
        </UnitTestRunConfig>
      </TestTypeSpecific>
      <AgentRule name="Execution Agents">
      </AgentRule>
    </Execution>
  </TestSettings>
  <Times creation="2014-05-12T08:47:59.3737363-05:00" queuing="2014-05-12T08:47:59.7687758-05:00" start="2014-05-12T08:47:59.7747764-05:00" finish="2014-05-12T08:48:00.5678557-05:00" />
  <ResultSummary outcome="Failed">
    <Counters total="1" executed="1" error="0" failed="1" timeout="0" aborted="0" inconclusive="0" passedButRunAborted="0" notRunnable="0" notExecuted="0" disconnected="0" warning="0" passed="0" completed="0" inProgress="0" pending="0" />
  </ResultSummary>
  <TestDefinitions>
    <UnitTest name="TestMethod1" storage="\\mgfs01\home$\chedberg\my documents\visual studio 2010\projects\factorypattern\factorytests\bin\debug\factorytests.dll" id="c188b8d7-3f01-4736-de9a-3b1d01c7eeaa">
      <Execution id="f6f025cd-b4bc-4c01-8efa-fc27ab322d43" />
      <TestMethod codeBase="file://mgfs01/home$/CHedberg/My Documents/Visual Studio 2010/Projects/FactoryPattern/FactoryTests/bin/Debug/FactoryTests.DLL" adapterTypeName="Microsoft.VisualStudio.TestTools.TestTypes.Unit.UnitTestAdapter, Microsoft.VisualStudio.QualityTools.Tips.UnitTest.Adapter, Version=10.0.0.0, Culture=neutral, PublicKeyToken=b03f5f7f11d50a3a" className="FactoryTests.UnitTest1, FactoryTests, Version=1.0.0.0, Culture=neutral, PublicKeyToken=null" name="TestMethod1" />
    </UnitTest>
  </TestDefinitions>
  <TestLists>
    <TestList name="Results Not in a List" id="8c84fa94-04c1-424b-9868-57a2d4851a1d" />
    <TestList name="All Loaded Results" id="19431567-8539-422a-85d7-44ee4e166bda" />
  </TestLists>
  <TestEntries>
    <TestEntry testId="c188b8d7-3f01-4736-de9a-3b1d01c7eeaa" executionId="f6f025cd-b4bc-4c01-8efa-fc27ab322d43" testListId="8c84fa94-04c1-424b-9868-57a2d4851a1d" />
  </TestEntries>
  <Results>
    <UnitTestResult executionId="f6f025cd-b4bc-4c01-8efa-fc27ab322d43" testId="c188b8d7-3f01-4736-de9a-3b1d01c7eeaa" testName="TestMethod1" computerName="PLYWS10738" duration="00:00:00.1581311" startTime="2014-05-12T08:47:59.8227812-05:00" endTime="2014-05-12T08:48:00.4348424-05:00" testType="13cdc9d9-ddb5-4fa4-a97d-d965ccfc6d4b" outcome="Failed" testListId="8c84fa94-04c1-424b-9868-57a2d4851a1d" relativeResultsDirectory="f6f025cd-b4bc-4c01-8efa-fc27ab322d43">
      <Output>
        <ErrorInfo>
          <Message>Assert.AreEqual failed. Expected:&lt;FactoryPattern.Circle&gt;. Actual:&lt;FactoryPattern.Circle&gt;. </Message>
          <StackTrace>   at FactoryTests.UnitTest1.TestMethod1() in \\mgfs01\home$\CHedberg\My Documents\Visual Studio 2010\Projects\FactoryPattern\FactoryTests\UnitTest1.cs:line 21
</StackTrace>
        </ErrorInfo>
      </Output>
    </UnitTestResult>
  </Results>
</TestRun>