<?xml version="1.0" encoding="UTF-8"?>
<TestRun id="7b2a1af2-7b7f-441f-93a0-d38f680f73c7" name="chedberg@PLYWS10738 2014-05-12 10:26:55" runUser="DATARECOGNITION\chedberg" xmlns="http://microsoft.com/schemas/VisualStudio/TeamTest/2010">
  <TestSettings name="Local" id="c4430357-3c1c-4d45-a946-2109ae936843">
    <Description>These are default test settings for a local test run.</Description>
    <Deployment runDeploymentRoot="chedberg_PLYWS10738 2014-05-12 10_26_55">
      <DeploymentItem filename="\\mgfs01\home$\CHedberg\My Documents\Visual Studio 2010\Projects\FactoryPattern\Cars\bin\Debug\Cars.dll" />
      <DeploymentItem filename="\\mgfs01\home$\CHedberg\My Documents\Visual Studio 2010\Projects\FactoryPattern\FactoryPattern\bin\Debug\FactoryPattern.exe" />
      <DeploymentItem filename="\\mgfs01\home$\CHedberg\My Documents\Visual Studio 2010\Projects\FactoryPattern\Shapes\bin\Debug\Shapes.dll" />
      <DeploymentItem filename="\\mgfs01\home$\CHedberg\My Documents\Visual Studio 2010\Projects\FactoryPattern\Animals\bin\Debug\Animals.dll" />
    </Deployment>
    <Execution>
      <TestTypeSpecific>
        <UnitTestRunConfig testTypeId="13cdc9d9-ddb5-4fa4-a97d-d965ccfc6d4b">
          <AssemblyResolution>
            <TestDirectory useLoadContext="true" />
          </AssemblyResolution>
        </UnitTestRunConfig>
      </TestTypeSpecific>
      <AgentRule name="Execution Agents">
      </AgentRule>
    </Execution>
  </TestSettings>
  <Times creation="2014-05-12T10:26:55.7163112-05:00" queuing="2014-05-12T10:26:56.7254121-05:00" start="2014-05-12T10:26:56.7324128-05:00" finish="2014-05-12T10:26:57.5444940-05:00" />
  <ResultSummary outcome="Completed">
    <Counters total="3" executed="3" passed="3" error="0" failed="0" timeout="0" aborted="0" inconclusive="0" passedButRunAborted="0" notRunnable="0" notExecuted="0" disconnected="0" warning="0" completed="0" inProgress="0" pending="0" />
  </ResultSummary>
  <TestDefinitions>
    <UnitTest name="FactoryReturnsBMWAsCar" storage="\\mgfs01\home$\chedberg\my documents\visual studio 2010\projects\factorypattern\factorytests\bin\x86\debug\factorytests.dll" id="c0a3025a-f729-6df8-9574-16bcbe45a337">
      <Execution id="57977a45-7f68-43cf-a223-849e73b0aea8" />
      <TestMethod codeBase="file://mgfs01/home$/CHedberg/My Documents/Visual Studio 2010/Projects/FactoryPattern/FactoryTests/bin/x86/Debug/FactoryTests.DLL" adapterTypeName="Microsoft.VisualStudio.TestTools.TestTypes.Unit.UnitTestAdapter, Microsoft.VisualStudio.QualityTools.Tips.UnitTest.Adapter, Version=10.0.0.0, Culture=neutral, PublicKeyToken=b03f5f7f11d50a3a" className="FactoryTests.FactoryTest, FactoryTests, Version=1.0.0.0, Culture=neutral, PublicKeyToken=null" name="FactoryReturnsBMWAsCar" />
    </UnitTest>
    <UnitTest name="FactoryReturnsDogAsAnimal" storage="\\mgfs01\home$\chedberg\my documents\visual studio 2010\projects\factorypattern\factorytests\bin\x86\debug\factorytests.dll" id="91465350-5b90-7573-84c4-3faa223ac0b0">
      <Execution id="35f95204-8ae6-4933-9684-88db8fc7c2e3" />
      <TestMethod codeBase="file://mgfs01/home$/CHedberg/My Documents/Visual Studio 2010/Projects/FactoryPattern/FactoryTests/bin/x86/Debug/FactoryTests.DLL" adapterTypeName="Microsoft.VisualStudio.TestTools.TestTypes.Unit.UnitTestAdapter, Microsoft.VisualStudio.QualityTools.Tips.UnitTest.Adapter, Version=10.0.0.0, Culture=neutral, PublicKeyToken=b03f5f7f11d50a3a" className="FactoryTests.FactoryTest, FactoryTests, Version=1.0.0.0, Culture=neutral, PublicKeyToken=null" name="FactoryReturnsDogAsAnimal" />
    </UnitTest>
    <UnitTest name="FactoryReturnsCircleAsShape" storage="\\mgfs01\home$\chedberg\my documents\visual studio 2010\projects\factorypattern\factorytests\bin\x86\debug\factorytests.dll" id="414e7c09-c041-6ed1-e01d-966127f446dd">
      <Execution id="d680d373-8c73-43a1-8487-0f8344f21db6" />
      <TestMethod codeBase="file://mgfs01/home$/CHedberg/My Documents/Visual Studio 2010/Projects/FactoryPattern/FactoryTests/bin/x86/Debug/FactoryTests.DLL" adapterTypeName="Microsoft.VisualStudio.TestTools.TestTypes.Unit.UnitTestAdapter, Microsoft.VisualStudio.QualityTools.Tips.UnitTest.Adapter, Version=10.0.0.0, Culture=neutral, PublicKeyToken=b03f5f7f11d50a3a" className="FactoryTests.FactoryTest, FactoryTests, Version=1.0.0.0, Culture=neutral, PublicKeyToken=null" name="FactoryReturnsCircleAsShape" />
    </UnitTest>
  </TestDefinitions>
  <TestLists>
    <TestList name="Results Not in a List" id="8c84fa94-04c1-424b-9868-57a2d4851a1d" />
    <TestList name="All Loaded Results" id="19431567-8539-422a-85d7-44ee4e166bda" />
  </TestLists>
  <TestEntries>
    <TestEntry testId="414e7c09-c041-6ed1-e01d-966127f446dd" executionId="d680d373-8c73-43a1-8487-0f8344f21db6" testListId="8c84fa94-04c1-424b-9868-57a2d4851a1d" />
    <TestEntry testId="91465350-5b90-7573-84c4-3faa223ac0b0" executionId="35f95204-8ae6-4933-9684-88db8fc7c2e3" testListId="8c84fa94-04c1-424b-9868-57a2d4851a1d" />
    <TestEntry testId="c0a3025a-f729-6df8-9574-16bcbe45a337" executionId="57977a45-7f68-43cf-a223-849e73b0aea8" testListId="8c84fa94-04c1-424b-9868-57a2d4851a1d" />
  </TestEntries>
  <Results>
    <UnitTestResult executionId="d680d373-8c73-43a1-8487-0f8344f21db6" testId="414e7c09-c041-6ed1-e01d-966127f446dd" testName="FactoryReturnsCircleAsShape" computerName="PLYWS10738" duration="00:00:00.0919192" startTime="2014-05-12T10:26:56.7934189-05:00" endTime="2014-05-12T10:26:57.3554751-05:00" testType="13cdc9d9-ddb5-4fa4-a97d-d965ccfc6d4b" outcome="Passed" testListId="8c84fa94-04c1-424b-9868-57a2d4851a1d" relativeResultsDirectory="d680d373-8c73-43a1-8487-0f8344f21db6">
    </UnitTestResult>
    <UnitTestResult executionId="35f95204-8ae6-4933-9684-88db8fc7c2e3" testId="91465350-5b90-7573-84c4-3faa223ac0b0" testName="FactoryReturnsDogAsAnimal" computerName="PLYWS10738" duration="00:00:00.0245810" startTime="2014-05-12T10:26:57.3774773-05:00" endTime="2014-05-12T10:26:57.4054801-05:00" testType="13cdc9d9-ddb5-4fa4-a97d-d965ccfc6d4b" outcome="Passed" testListId="8c84fa94-04c1-424b-9868-57a2d4851a1d" relativeResultsDirectory="35f95204-8ae6-4933-9684-88db8fc7c2e3">
    </UnitTestResult>
    <UnitTestResult executionId="57977a45-7f68-43cf-a223-849e73b0aea8" testId="c0a3025a-f729-6df8-9574-16bcbe45a337" testName="FactoryReturnsBMWAsCar" computerName="PLYWS10738" duration="00:00:00.0278856" startTime="2014-05-12T10:26:57.4274823-05:00" endTime="2014-05-12T10:26:57.4604856-05:00" testType="13cdc9d9-ddb5-4fa4-a97d-d965ccfc6d4b" outcome="Passed" testListId="8c84fa94-04c1-424b-9868-57a2d4851a1d" relativeResultsDirectory="57977a45-7f68-43cf-a223-849e73b0aea8">
    </UnitTestResult>
  </Results>
</TestRun>